<?xml version="1.0" encoding="UTF-8"?>
<!-- Generated by org.testng.reporters.JUnitReportReporter -->
<testsuite hostname="LAPTOP-5UGU759P" name="com.firstMavenPackage.AppTest" tests="1" failures="0" timestamp="28 Jun 2017 10:21:38 GMT" time="0.002" errors="0">
  <testcase name="testApp" time="0.002" classname="com.firstMavenPackage.AppTest"/>
</testsuite> <!-- com.firstMavenPackage.AppTest -->
